<?xml version="1.0" encoding="UTF-8"?>
<!-- Generated by org.testng.reporters.JUnitXMLReporter -->
<testsuite ignored="0" hostname="Tommy" failures="1" tests="2" name="Surefire test" time="0.032" errors="0" timestamp="2022-05-02T13:17:23 CEST">
  <testcase classname="QuestionTest" name="testSettype" time="0.008"/>
  <testcase classname="StudentTest" name="testInschrijving" time="0.003">
    <failure type="org.opentest4j.AssertionFailedError" message="expected: &amp;lt;rekenen8&amp;gt; but was: &amp;lt;rekenen&amp;gt;">
      <![CDATA[org.opentest4j.AssertionFailedError: expected: <rekenen8> but was: <rekenen>
at org.junit.jupiter.api.AssertionUtils.fail(AssertionUtils.java:55)
at org.junit.jupiter.api.AssertionUtils.failNotEqual(AssertionUtils.java:62)
at org.junit.jupiter.api.AssertEquals.assertEquals(AssertEquals.java:182)
at org.junit.jupiter.api.AssertEquals.assertEquals(AssertEquals.java:177)
at org.junit.jupiter.api.Assertions.assertEquals(Assertions.java:1141)
at StudentTest.testInschrijving(StudentTest.java:30)
at java.base/java.util.ArrayList.forEach(ArrayList.java:1511)
... Removed 30 stack frames]]>
    </failure>
  </testcase> <!-- testInschrijving -->
</testsuite> <!-- Surefire test -->
