<?xml version="1.0" encoding="UTF-8"?>
<testsuite xmlns:xsi="http://www.w3.org/2001/XMLSchema-instance" xsi:noNamespaceSchemaLocation="https://maven.apache.org/surefire/maven-surefire-plugin/xsd/surefire-test-report.xsd" name="TestSuite" time="0.296" tests="2" errors="0" skipped="0" failures="1">
  <properties>
[...]
</properties>
  <testcase name="testSettype" classname="QuestionTest" time="0.008"/>
  <testcase name="testInschrijving" classname="StudentTest" time="0.006">
    <failure message="expected: &lt;rekenen8&gt; but was: &lt;rekenen&gt;" type="org.opentest4j.AssertionFailedError"><![CDATA[org.opentest4j.AssertionFailedError: expected: <rekenen8> but was: <rekenen>
	at StudentTest.testInschrijving(StudentTest.java:30)
]]></failure>
  </testcase>
</testsuite>